This is pdfTeX, Version 3.141592653-2.6-1.40.28 (TeX Live 2025) (preloaded format=pdflatex 2025.8.27)  31 AUG 2025 15:42
entering extended mode
 restricted \write18 enabled.
 file:line:error style messages enabled.
 %&-line parsing enabled.
**/home/andrey/devito-vti/examples/equations/acoustic.tex
(/home/andrey/devito-vti/examples/equations/acoustic.tex
LaTeX2e <2025-06-01> patch level 1
L3 programming layer <2025-08-13>
(/usr/local/texlive/2025/texmf-dist/tex/latex/base/article.cls
Document Class: article 2025/01/22 v1.4n Standard LaTeX document class
(/usr/local/texlive/2025/texmf-dist/tex/latex/base/size10.clo
File: size10.clo 2025/01/22 v1.4n Standard LaTeX file (size option)
)
\c@part=\count275
\c@section=\count276
\c@subsection=\count277
\c@subsubsection=\count278
\c@paragraph=\count279
\c@subparagraph=\count280
\c@figure=\count281
\c@table=\count282
\abovecaptionskip=\skip49
\belowcaptionskip=\skip50
\bibindent=\dimen148
) (/usr/local/texlive/2025/texmf-dist/tex/latex/amsmath/amsmath.sty
Package: amsmath 2025/06/16 v2.17y AMS math features
\@mathmargin=\skip51

For additional information on amsmath, use the `?' option.
(/usr/local/texlive/2025/texmf-dist/tex/latex/amsmath/amstext.sty
Package: amstext 2024/11/17 v2.01 AMS text
 (/usr/local/texlive/2025/texmf-dist/tex/latex/amsmath/amsgen.sty
File: amsgen.sty 1999/11/30 v2.0 generic functions
\@emptytoks=\toks17
\ex@=\dimen149
)) (/usr/local/texlive/2025/texmf-dist/tex/latex/amsmath/amsbsy.sty
Package: amsbsy 1999/11/29 v1.2d Bold Symbols
\pmbraise@=\dimen150
) (/usr/local/texlive/2025/texmf-dist/tex/latex/amsmath/amsopn.sty
Package: amsopn 2022/04/08 v2.04 operator names
)
\inf@bad=\count283
LaTeX Info: Redefining \frac on input line 233.
\uproot@=\count284
\leftroot@=\count285
LaTeX Info: Redefining \overline on input line 398.
LaTeX Info: Redefining \colon on input line 409.
\classnum@=\count286
\DOTSCASE@=\count287
LaTeX Info: Redefining \ldots on input line 495.
LaTeX Info: Redefining \dots on input line 498.
LaTeX Info: Redefining \cdots on input line 619.
\Mathstrutbox@=\box53
\strutbox@=\box54
LaTeX Info: Redefining \big on input line 721.
LaTeX Info: Redefining \Big on input line 722.
LaTeX Info: Redefining \bigg on input line 723.
LaTeX Info: Redefining \Bigg on input line 724.
\big@size=\dimen151
LaTeX Font Info:    Redeclaring font encoding OML on input line 742.
LaTeX Font Info:    Redeclaring font encoding OMS on input line 743.
\macc@depth=\count288
LaTeX Info: Redefining \bmod on input line 904.
LaTeX Info: Redefining \pmod on input line 909.
LaTeX Info: Redefining \smash on input line 939.
LaTeX Info: Redefining \relbar on input line 969.
LaTeX Info: Redefining \Relbar on input line 970.
\c@MaxMatrixCols=\count289
\dotsspace@=\muskip17
\c@parentequation=\count290
\dspbrk@lvl=\count291
\tag@help=\toks18
\row@=\count292
\column@=\count293
\maxfields@=\count294
\andhelp@=\toks19
\eqnshift@=\dimen152
\alignsep@=\dimen153
\tagshift@=\dimen154
\tagwidth@=\dimen155
\totwidth@=\dimen156
\lineht@=\dimen157
\@envbody=\toks20
\multlinegap=\skip52
\multlinetaggap=\skip53
\mathdisplay@stack=\toks21
LaTeX Info: Redefining \[ on input line 2949.
LaTeX Info: Redefining \] on input line 2950.
) (/usr/local/texlive/2025/texmf-dist/tex/latex/physics/physics.sty
Package: physics 
 (/usr/local/texlive/2025/texmf-dist/tex/latex/l3packages/xparse/xparse.sty (/usr/local/texlive/2025/texmf-dist/tex/latex/l3kernel/expl3.sty
Package: expl3 2025-08-13 L3 programming layer (loader) 
 (/usr/local/texlive/2025/texmf-dist/tex/latex/l3backend/l3backend-pdftex.def
File: l3backend-pdftex.def 2025-06-09 L3 backend support: PDF output (pdfTeX)
\l__color_backend_stack_int=\count295
))
Package: xparse 2024-08-16 L3 Experimental document command parser
)) (./acoustic.aux)
\openout1 = `acoustic.aux'.

LaTeX Font Info:    Checking defaults for OML/cmm/m/it on input line 5.
LaTeX Font Info:    ... okay on input line 5.
LaTeX Font Info:    Checking defaults for OMS/cmsy/m/n on input line 5.
LaTeX Font Info:    ... okay on input line 5.
LaTeX Font Info:    Checking defaults for OT1/cmr/m/n on input line 5.
LaTeX Font Info:    ... okay on input line 5.
LaTeX Font Info:    Checking defaults for T1/cmr/m/n on input line 5.
LaTeX Font Info:    ... okay on input line 5.
LaTeX Font Info:    Checking defaults for TS1/cmr/m/n on input line 5.
LaTeX Font Info:    ... okay on input line 5.
LaTeX Font Info:    Checking defaults for OMX/cmex/m/n on input line 5.
LaTeX Font Info:    ... okay on input line 5.
LaTeX Font Info:    Checking defaults for U/cmr/m/n on input line 5.
LaTeX Font Info:    ... okay on input line 5.


/home/andrey/devito-vti/examples/equations/acoustic.tex:7: LaTeX Error: Unicode character –Ю (U+041E)
               not set up for use with LaTeX.

See the LaTeX manual or LaTeX Companion for explanation.
Type  H <return>  for immediate help.
 ...                                              
                                                  
l.7 –Ю
      —Б–љ–Њ–≤–Њ–є –ї—О–±–Њ–≥–Њ –∞–ї–≥–Њ—А–Є—В–Љ–∞ –Є–Љ–µ–є–і–ґ–Є–љ–≥–∞ —П–≤...
You may provide a definition with
\DeclareUnicodeCharacter 


/home/andrey/devito-vti/examples/equations/acoustic.tex:7: LaTeX Error: Unicode character —Б (U+0441)
               not set up for use with LaTeX.

See the LaTeX manual or LaTeX Companion for explanation.
Type  H <return>  for immediate help.
 ...                                              
                                                  
l.7 –Ю—Б
        –љ–Њ–≤–Њ–є –ї—О–±–Њ–≥–Њ –∞–ї–≥–Њ—А–Є—В–Љ–∞ –Є–Љ–µ–є–і–ґ–Є–љ–≥–∞ —П–≤...
You may provide a definition with
\DeclareUnicodeCharacter 


/home/andrey/devito-vti/examples/equations/acoustic.tex:7: LaTeX Error: Unicode character –љ (U+043D)
               not set up for use with LaTeX.

See the LaTeX manual or LaTeX Companion for explanation.
Type  H <return>  for immediate help.
 ...                                              
                                                  
l.7 –Ю—Б–љ
          –Њ–≤–Њ–є –ї—О–±–Њ–≥–Њ –∞–ї–≥–Њ—А–Є—В–Љ–∞ –Є–Љ–µ–є–і–ґ–Є–љ–≥–∞ —П–≤...
You may provide a definition with
\DeclareUnicodeCharacter 


/home/andrey/devito-vti/examples/equations/acoustic.tex:7: LaTeX Error: Unicode character –Њ (U+043E)
               not set up for use with LaTeX.

See the LaTeX manual or LaTeX Companion for explanation.
Type  H <return>  for immediate help.
 ...                                              
                                                  
l.7 –Ю—Б–љ–Њ
            –≤–Њ–є –ї—О–±–Њ–≥–Њ –∞–ї–≥–Њ—А–Є—В–Љ–∞ –Є–Љ–µ–є–і–ґ–Є–љ–≥–∞ —П–≤...
You may provide a definition with
\DeclareUnicodeCharacter 


/home/andrey/devito-vti/examples/equations/acoustic.tex:7: LaTeX Error: Unicode character –≤ (U+0432)
               not set up for use with LaTeX.

See the LaTeX manual or LaTeX Companion for explanation.
Type  H <return>  for immediate help.
 ...                                              
                                                  
l.7 –Ю—Б–љ–Њ–≤
              –Њ–є –ї—О–±–Њ–≥–Њ –∞–ї–≥–Њ—А–Є—В–Љ–∞ –Є–Љ–µ–є–і–ґ–Є–љ–≥–∞ —П–≤...
You may provide a definition with
\DeclareUnicodeCharacter 


/home/andrey/devito-vti/examples/equations/acoustic.tex:7: LaTeX Error: Unicode character –Њ (U+043E)
               not set up for use with LaTeX.

See the LaTeX manual or LaTeX Companion for explanation.
Type  H <return>  for immediate help.
 ...                                              
                                                  
l.7 –Ю—Б–љ–Њ–≤–Њ
                –є –ї—О–±–Њ–≥–Њ –∞–ї–≥–Њ—А–Є—В–Љ–∞ –Є–Љ–µ–є–і–ґ–Є–љ–≥–∞ —П–≤...
You may provide a definition with
\DeclareUnicodeCharacter 


/home/andrey/devito-vti/examples/equations/acoustic.tex:7: LaTeX Error: Unicode character –є (U+0439)
               not set up for use with LaTeX.

See the LaTeX manual or LaTeX Companion for explanation.
Type  H <return>  for immediate help.
 ...                                              
                                                  
l.7 –Ю—Б–љ–Њ–≤–Њ–є
                   –ї—О–±–Њ–≥–Њ –∞–ї–≥–Њ—А–Є—В–Љ–∞ –Є–Љ–µ–є–і–ґ–Є–љ–≥–∞ —П–≤...
You may provide a definition with
\DeclareUnicodeCharacter 


/home/andrey/devito-vti/examples/equations/acoustic.tex:7: LaTeX Error: Unicode character –ї (U+043B)
               not set up for use with LaTeX.

See the LaTeX manual or LaTeX Companion for explanation.
Type  H <return>  for immediate help.
 ...                                              
                                                  
l.7 –Ю—Б–љ–Њ–≤–Њ–є –ї
                     —О–±–Њ–≥–Њ –∞–ї–≥–Њ—А–Є—В–Љ–∞ –Є–Љ–µ–є–і–ґ–Є–љ–≥–∞ —П–≤...
You may provide a definition with
\DeclareUnicodeCharacter 


/home/andrey/devito-vti/examples/equations/acoustic.tex:7: LaTeX Error: Unicode character —О (U+044E)
               not set up for use with LaTeX.

See the LaTeX manual or LaTeX Companion for explanation.
Type  H <return>  for immediate help.
 ...                                              
                                                  
l.7 –Ю—Б–љ–Њ–≤–Њ–є –ї—О
                       –±–Њ–≥–Њ –∞–ї–≥–Њ—А–Є—В–Љ–∞ –Є–Љ–µ–є–і–ґ–Є–љ–≥–∞ —П–≤...
You may provide a definition with
\DeclareUnicodeCharacter 


/home/andrey/devito-vti/examples/equations/acoustic.tex:7: LaTeX Error: Unicode character –± (U+0431)
               not set up for use with LaTeX.

See the LaTeX manual or LaTeX Companion for explanation.
Type  H <return>  for immediate help.
 ...                                              
                                                  
l.7 –Ю—Б–љ–Њ–≤–Њ–є –ї—О–±
                         –Њ–≥–Њ –∞–ї–≥–Њ—А–Є—В–Љ–∞ –Є–Љ–µ–є–і–ґ–Є–љ–≥–∞ —П–≤...
You may provide a definition with
\DeclareUnicodeCharacter 


/home/andrey/devito-vti/examples/equations/acoustic.tex:7: LaTeX Error: Unicode character –Њ (U+043E)
               not set up for use with LaTeX.

See the LaTeX manual or LaTeX Companion for explanation.
Type  H <return>  for immediate help.
 ...                                              
                                                  
l.7 –Ю—Б–љ–Њ–≤–Њ–є –ї—О–±–Њ
                           –≥–Њ –∞–ї–≥–Њ—А–Є—В–Љ–∞ –Є–Љ–µ–є–і–ґ–Є–љ–≥–∞ —П–≤...
You may provide a definition with
\DeclareUnicodeCharacter 


/home/andrey/devito-vti/examples/equations/acoustic.tex:7: LaTeX Error: Unicode character –≥ (U+0433)
               not set up for use with LaTeX.

See the LaTeX manual or LaTeX Companion for explanation.
Type  H <return>  for immediate help.
 ...                                              
                                                  
l.7 –Ю—Б–љ–Њ–≤–Њ–є –ї—О–±–Њ–≥
                             –Њ –∞–ї–≥–Њ—А–Є—В–Љ–∞ –Є–Љ–µ–є–і–ґ–Є–љ–≥–∞ —П–≤...
You may provide a definition with
\DeclareUnicodeCharacter 


/home/andrey/devito-vti/examples/equations/acoustic.tex:7: LaTeX Error: Unicode character –Њ (U+043E)
               not set up for use with LaTeX.

See the LaTeX manual or LaTeX Companion for explanation.
Type  H <return>  for immediate help.
 ...                                              
                                                  
l.7 –Ю—Б–љ–Њ–≤–Њ–є –ї—О–±–Њ–≥–Њ
                                –∞–ї–≥–Њ—А–Є—В–Љ–∞ –Є–Љ–µ–є–і–ґ–Є–љ–≥–∞ —П–≤...
You may provide a definition with
\DeclareUnicodeCharacter 


/home/andrey/devito-vti/examples/equations/acoustic.tex:7: LaTeX Error: Unicode character –∞ (U+0430)
               not set up for use with LaTeX.

See the LaTeX manual or LaTeX Companion for explanation.
Type  H <return>  for immediate help.
 ...                                              
                                                  
l.7 –Ю—Б–љ–Њ–≤–Њ–є –ї—О–±–Њ–≥–Њ –∞
                                  –ї–≥–Њ—А–Є—В–Љ–∞ –Є–Љ–µ–є–і–ґ–Є–љ–≥–∞ —П–≤...
You may provide a definition with
\DeclareUnicodeCharacter 


/home/andrey/devito-vti/examples/equations/acoustic.tex:7: LaTeX Error: Unicode character –ї (U+043B)
               not set up for use with LaTeX.

See the LaTeX manual or LaTeX Companion for explanation.
Type  H <return>  for immediate help.
 ...                                              
                                                  
l.7 –Ю—Б–љ–Њ–≤–Њ–є –ї—О–±–Њ–≥–Њ –∞–ї
                                    –≥–Њ—А–Є—В–Љ–∞ –Є–Љ–µ–є–і–ґ–Є–љ–≥–∞ —П–≤...
You may provide a definition with
\DeclareUnicodeCharacter 


/home/andrey/devito-vti/examples/equations/acoustic.tex:7: LaTeX Error: Unicode character –≥ (U+0433)
               not set up for use with LaTeX.

See the LaTeX manual or LaTeX Companion for explanation.
Type  H <return>  for immediate help.
 ...                                              
                                                  
l.7 –Ю—Б–љ–Њ–≤–Њ–є –ї—О–±–Њ–≥–Њ –∞–ї–≥
                                      –Њ—А–Є—В–Љ–∞ –Є–Љ–µ–є–і–ґ–Є–љ–≥–∞ —П–≤...
You may provide a definition with
\DeclareUnicodeCharacter 


/home/andrey/devito-vti/examples/equations/acoustic.tex:7: LaTeX Error: Unicode character –Њ (U+043E)
               not set up for use with LaTeX.

See the LaTeX manual or LaTeX Companion for explanation.
Type  H <return>  for immediate help.
 ...                                              
                                                  
l.7 –Ю—Б–љ–Њ–≤–Њ–є –ї—О–±–Њ–≥–Њ –∞–ї–≥–Њ
                                        —А–Є—В–Љ–∞ –Є–Љ–µ–є–і–ґ–Є–љ–≥–∞ —П–≤...
You may provide a definition with
\DeclareUnicodeCharacter 


/home/andrey/devito-vti/examples/equations/acoustic.tex:7: LaTeX Error: Unicode character —А (U+0440)
               not set up for use with LaTeX.

See the LaTeX manual or LaTeX Companion for explanation.
Type  H <return>  for immediate help.
 ...                                              
                                                  
l.7 –Ю—Б–љ–Њ–≤–Њ–є –ї—О–±–Њ–≥–Њ –∞–ї–≥–Њ—А
                                          –Є—В–Љ–∞ –Є–Љ–µ–є–і–ґ–Є–љ–≥–∞ —П–≤...
You may provide a definition with
\DeclareUnicodeCharacter 


/home/andrey/devito-vti/examples/equations/acoustic.tex:7: LaTeX Error: Unicode character –Є (U+0438)
               not set up for use with LaTeX.

See the LaTeX manual or LaTeX Companion for explanation.
Type  H <return>  for immediate help.
 ...                                              
                                                  
l.7 –Ю—Б–љ–Њ–≤–Њ–є –ї—О–±–Њ–≥–Њ –∞–ї–≥–Њ—А–Є
                                            —В–Љ–∞ –Є–Љ–µ–є–і–ґ–Є–љ–≥–∞ —П–≤...
You may provide a definition with
\DeclareUnicodeCharacter 


/home/andrey/devito-vti/examples/equations/acoustic.tex:7: LaTeX Error: Unicode character —В (U+0442)
               not set up for use with LaTeX.

See the LaTeX manual or LaTeX Companion for explanation.
Type  H <return>  for immediate help.
 ...                                              
                                                  
l.7 –Ю—Б–љ–Њ–≤–Њ–є –ї—О–±–Њ–≥–Њ –∞–ї–≥–Њ—А–Є—В
                                              –Љ–∞ –Є–Љ–µ–є–і–ґ–Є–љ–≥–∞ —П–≤...
You may provide a definition with
\DeclareUnicodeCharacter 


/home/andrey/devito-vti/examples/equations/acoustic.tex:7: LaTeX Error: Unicode character –Љ (U+043C)
               not set up for use with LaTeX.

See the LaTeX manual or LaTeX Companion for explanation.
Type  H <return>  for immediate help.
 ...                                              
                                                  
l.7 –Ю—Б–љ–Њ–≤–Њ–є –ї—О–±–Њ–≥–Њ –∞–ї–≥–Њ—А–Є—В–Љ
                                                –∞ –Є–Љ–µ–є–і–ґ–Є–љ–≥–∞ —П–≤...
You may provide a definition with
\DeclareUnicodeCharacter 


/home/andrey/devito-vti/examples/equations/acoustic.tex:7: LaTeX Error: Unicode character –∞ (U+0430)
               not set up for use with LaTeX.

See the LaTeX manual or LaTeX Companion for explanation.
Type  H <return>  for immediate help.
 ...                                              
                                                  
l.7 –Ю—Б–љ–Њ–≤–Њ–є –ї—О–±–Њ–≥–Њ –∞–ї–≥–Њ—А–Є—В–Љ–∞
                                                   –Є–Љ–µ–є–і–ґ–Є–љ–≥–∞ —П–≤...
You may provide a definition with
\DeclareUnicodeCharacter 


/home/andrey/devito-vti/examples/equations/acoustic.tex:7: LaTeX Error: Unicode character –Є (U+0438)
               not set up for use with LaTeX.

See the LaTeX manual or LaTeX Companion for explanation.
Type  H <return>  for immediate help.
 ...                                              
                                                  
l.7 ...–Њ–≤–Њ–є –ї—О–±–Њ–≥–Њ –∞–ї–≥–Њ—А–Є—В–Љ–∞ –Є
                                                  –Љ–µ–є–і–ґ–Є–љ–≥–∞ —П–≤–ї—...
You may provide a definition with
\DeclareUnicodeCharacter 


/home/andrey/devito-vti/examples/equations/acoustic.tex:7: LaTeX Error: Unicode character –Љ (U+043C)
               not set up for use with LaTeX.

See the LaTeX manual or LaTeX Companion for explanation.
Type  H <return>  for immediate help.
 ...                                              
                                                  
l.7 ...–≤–Њ–є –ї—О–±–Њ–≥–Њ –∞–ї–≥–Њ—А–Є—В–Љ–∞ –Є–Љ
                                                  –µ–є–і–ґ–Є–љ–≥–∞ —П–≤–ї—П–...
You may provide a definition with
\DeclareUnicodeCharacter 


/home/andrey/devito-vti/examples/equations/acoustic.tex:7: LaTeX Error: Unicode character –µ (U+0435)
               not set up for use with LaTeX.

See the LaTeX manual or LaTeX Companion for explanation.
Type  H <return>  for immediate help.
 ...                                              
                                                  
l.7 ...–Њ–є –ї—О–±–Њ–≥–Њ –∞–ї–≥–Њ—А–Є—В–Љ–∞ –Є–Љ–µ
                                                  –є–і–ґ–Є–љ–≥–∞ —П–≤–ї—П–µ—...
You may provide a definition with
\DeclareUnicodeCharacter 


/home/andrey/devito-vti/examples/equations/acoustic.tex:7: LaTeX Error: Unicode character –є (U+0439)
               not set up for use with LaTeX.

See the LaTeX manual or LaTeX Companion for explanation.
Type  H <return>  for immediate help.
 ...                                              
                                                  
l.7 ...–є –ї—О–±–Њ–≥–Њ –∞–ї–≥–Њ—А–Є—В–Љ–∞ –Є–Љ–µ–є
                                                  –і–ґ–Є–љ–≥–∞ —П–≤–ї—П–µ—В—...
You may provide a definition with
\DeclareUnicodeCharacter 


/home/andrey/devito-vti/examples/equations/acoustic.tex:7: LaTeX Error: Unicode character –і (U+0434)
               not set up for use with LaTeX.

See the LaTeX manual or LaTeX Companion for explanation.
Type  H <return>  for immediate help.
 ...                                              
                                                  
l.7 ... –ї—О–±–Њ–≥–Њ –∞–ї–≥–Њ—А–Є—В–Љ–∞ –Є–Љ–µ–є–і
                                                  –ґ–Є–љ–≥–∞ —П–≤–ї—П–µ—В—Б—...
You may provide a definition with
\DeclareUnicodeCharacter 


/home/andrey/devito-vti/examples/equations/acoustic.tex:7: LaTeX Error: Unicode character –ґ (U+0436)
               not set up for use with LaTeX.

See the LaTeX manual or LaTeX Companion for explanation.
Type  H <return>  for immediate help.
 ...                                              
                                                  
l.7 ...ї—О–±–Њ–≥–Њ –∞–ї–≥–Њ—А–Є—В–Љ–∞ –Є–Љ–µ–є–і–ґ
                                                  –Є–љ–≥–∞ —П–≤–ї—П–µ—В—Б—П ...
You may provide a definition with
\DeclareUnicodeCharacter 


/home/andrey/devito-vti/examples/equations/acoustic.tex:7: LaTeX Error: Unicode character –Є (U+0438)
               not set up for use with LaTeX.

See the LaTeX manual or LaTeX Companion for explanation.
Type  H <return>  for immediate help.
 ...                                              
                                                  
l.7 ...О–±–Њ–≥–Њ –∞–ї–≥–Њ—А–Є—В–Љ–∞ –Є–Љ–µ–є–і–ґ–Є
                                                  –љ–≥–∞ —П–≤–ї—П–µ—В—Б—П –≤...
You may provide a definition with
\DeclareUnicodeCharacter 


/home/andrey/devito-vti/examples/equations/acoustic.tex:7: LaTeX Error: Unicode character –љ (U+043D)
               not set up for use with LaTeX.

See the LaTeX manual or LaTeX Companion for explanation.
Type  H <return>  for immediate help.
 ...                                              
                                                  
l.7 ...±–Њ–≥–Њ –∞–ї–≥–Њ—А–Є—В–Љ–∞ –Є–Љ–µ–є–і–ґ–Є–љ
                                                  –≥–∞ —П–≤–ї—П–µ—В—Б—П –≤–Њ...
You may provide a definition with
\DeclareUnicodeCharacter 


/home/andrey/devito-vti/examples/equations/acoustic.tex:7: LaTeX Error: Unicode character –≥ (U+0433)
               not set up for use with LaTeX.

See the LaTeX manual or LaTeX Companion for explanation.
Type  H <return>  for immediate help.
 ...                                              
                                                  
l.7 ...Њ–≥–Њ –∞–ї–≥–Њ—А–Є—В–Љ–∞ –Є–Љ–µ–є–і–ґ–Є–љ–≥
                                                  –∞ —П–≤–ї—П–µ—В—Б—П –≤–Њ–ї...
You may provide a definition with
\DeclareUnicodeCharacter 


/home/andrey/devito-vti/examples/equations/acoustic.tex:7: LaTeX Error: Unicode character –∞ (U+0430)
               not set up for use with LaTeX.

See the LaTeX manual or LaTeX Companion for explanation.
Type  H <return>  for immediate help.
 ...                                              
                                                  
l.7 ...≥–Њ –∞–ї–≥–Њ—А–Є—В–Љ–∞ –Є–Љ–µ–є–і–ґ–Є–љ–≥–∞
                                                   —П–≤–ї—П–µ—В—Б—П –≤–Њ–ї–љ...
You may provide a definition with
\DeclareUnicodeCharacter 


/home/andrey/devito-vti/examples/equations/acoustic.tex:7: LaTeX Error: Unicode character —П (U+044F)
               not set up for use with LaTeX.

See the LaTeX manual or LaTeX Companion for explanation.
Type  H <return>  for immediate help.
 ...                                              
                                                  
l.7 ... –∞–ї–≥–Њ—А–Є—В–Љ–∞ –Є–Љ–µ–є–і–ґ–Є–љ–≥–∞ —П
                                                  –≤–ї—П–µ—В—Б—П –≤–Њ–ї–љ–Њ–...
You may provide a definition with
\DeclareUnicodeCharacter 


/home/andrey/devito-vti/examples/equations/acoustic.tex:7: LaTeX Error: Unicode character –≤ (U+0432)
               not set up for use with LaTeX.

See the LaTeX manual or LaTeX Companion for explanation.
Type  H <return>  for immediate help.
 ...                                              
                                                  
l.7 ...∞–ї–≥–Њ—А–Є—В–Љ–∞ –Є–Љ–µ–є–і–ґ–Є–љ–≥–∞ —П–≤
                                                  –ї—П–µ—В—Б—П –≤–Њ–ї–љ–Њ–≤–...
You may provide a definition with
\DeclareUnicodeCharacter 


/home/andrey/devito-vti/examples/equations/acoustic.tex:7: LaTeX Error: Unicode character –ї (U+043B)
               not set up for use with LaTeX.

See the LaTeX manual or LaTeX Companion for explanation.
Type  H <return>  for immediate help.
 ...                                              
                                                  
l.7 ...ї–≥–Њ—А–Є—В–Љ–∞ –Є–Љ–µ–є–і–ґ–Є–љ–≥–∞ —П–≤–ї
                                                  —П–µ—В—Б—П –≤–Њ–ї–љ–Њ–≤–Њ–...
You may provide a definition with
\DeclareUnicodeCharacter 


/home/andrey/devito-vti/examples/equations/acoustic.tex:7: LaTeX Error: Unicode character —П (U+044F)
               not set up for use with LaTeX.

See the LaTeX manual or LaTeX Companion for explanation.
Type  H <return>  for immediate help.
 ...                                              
                                                  
l.7 ...≥–Њ—А–Є—В–Љ–∞ –Є–Љ–µ–є–і–ґ–Є–љ–≥–∞ —П–≤–ї—П
                                                  –µ—В—Б—П –≤–Њ–ї–љ–Њ–≤–Њ–µ ...
You may provide a definition with
\DeclareUnicodeCharacter 


/home/andrey/devito-vti/examples/equations/acoustic.tex:7: LaTeX Error: Unicode character –µ (U+0435)
               not set up for use with LaTeX.

See the LaTeX manual or LaTeX Companion for explanation.
Type  H <return>  for immediate help.
 ...                                              
                                                  
l.7 ...Њ—А–Є—В–Љ–∞ –Є–Љ–µ–є–і–ґ–Є–љ–≥–∞ —П–≤–ї—П–µ
                                                  —В—Б—П –≤–Њ–ї–љ–Њ–≤–Њ–µ —Г...
You may provide a definition with
\DeclareUnicodeCharacter 


/home/andrey/devito-vti/examples/equations/acoustic.tex:7: LaTeX Error: Unicode character —В (U+0442)
               not set up for use with LaTeX.

See the LaTeX manual or LaTeX Companion for explanation.
Type  H <return>  for immediate help.
 ...                                              
                                                  
l.7 ...А–Є—В–Љ–∞ –Є–Љ–µ–є–і–ґ–Є–љ–≥–∞ —П–≤–ї—П–µ—В
                                                  —Б—П –≤–Њ–ї–љ–Њ–≤–Њ–µ —Г—А...
You may provide a definition with
\DeclareUnicodeCharacter 


/home/andrey/devito-vti/examples/equations/acoustic.tex:7: LaTeX Error: Unicode character —Б (U+0441)
               not set up for use with LaTeX.

See the LaTeX manual or LaTeX Companion for explanation.
Type  H <return>  for immediate help.
 ...                                              
                                                  
l.7 ...Є—В–Љ–∞ –Є–Љ–µ–є–і–ґ–Є–љ–≥–∞ —П–≤–ї—П–µ—В—Б
                                                  —П –≤–Њ–ї–љ–Њ–≤–Њ–µ —Г—А–∞...
You may provide a definition with
\DeclareUnicodeCharacter 


/home/andrey/devito-vti/examples/equations/acoustic.tex:7: LaTeX Error: Unicode character —П (U+044F)
               not set up for use with LaTeX.

See the LaTeX manual or LaTeX Companion for explanation.
Type  H <return>  for immediate help.
 ...                                              
                                                  
l.7 ...В–Љ–∞ –Є–Љ–µ–є–і–ґ–Є–љ–≥–∞ —П–≤–ї—П–µ—В—Б—П
                                                   –≤–Њ–ї–љ–Њ–≤–Њ–µ —Г—А–∞–≤...
You may provide a definition with
\DeclareUnicodeCharacter 


/home/andrey/devito-vti/examples/equations/acoustic.tex:7: LaTeX Error: Unicode character –≤ (U+0432)
               not set up for use with LaTeX.

See the LaTeX manual or LaTeX Companion for explanation.
Type  H <return>  for immediate help.
 ...                                              
                                                  
l.7 ...–∞ –Є–Љ–µ–є–і–ґ–Є–љ–≥–∞ —П–≤–ї—П–µ—В—Б—П –≤
                                                  –Њ–ї–љ–Њ–≤–Њ–µ —Г—А–∞–≤–љ–...
You may provide a definition with
\DeclareUnicodeCharacter 


/home/andrey/devito-vti/examples/equations/acoustic.tex:7: LaTeX Error: Unicode character –Њ (U+043E)
               not set up for use with LaTeX.

See the LaTeX manual or LaTeX Companion for explanation.
Type  H <return>  for immediate help.
 ...                                              
                                                  
l.7 ... –Є–Љ–µ–є–і–ґ–Є–љ–≥–∞ —П–≤–ї—П–µ—В—Б—П –≤–Њ
                                                  –ї–љ–Њ–≤–Њ–µ —Г—А–∞–≤–љ–µ–...
You may provide a definition with
\DeclareUnicodeCharacter 


/home/andrey/devito-vti/examples/equations/acoustic.tex:7: LaTeX Error: Unicode character –ї (U+043B)
               not set up for use with LaTeX.

See the LaTeX manual or LaTeX Companion for explanation.
Type  H <return>  for immediate help.
 ...                                              
                                                  
l.7 ...Є–Љ–µ–є–і–ґ–Є–љ–≥–∞ —П–≤–ї—П–µ—В—Б—П –≤–Њ–ї
                                                  –љ–Њ–≤–Њ–µ —Г—А–∞–≤–љ–µ–љ–...
You may provide a definition with
\DeclareUnicodeCharacter 


/home/andrey/devito-vti/examples/equations/acoustic.tex:7: LaTeX Error: Unicode character –љ (U+043D)
               not set up for use with LaTeX.

See the LaTeX manual or LaTeX Companion for explanation.
Type  H <return>  for immediate help.
 ...                                              
                                                  
l.7 ...Љ–µ–є–і–ґ–Є–љ–≥–∞ —П–≤–ї—П–µ—В—Б—П –≤–Њ–ї–љ
                                                  –Њ–≤–Њ–µ —Г—А–∞–≤–љ–µ–љ–Є–...
You may provide a definition with
\DeclareUnicodeCharacter 


/home/andrey/devito-vti/examples/equations/acoustic.tex:7: LaTeX Error: Unicode character –Њ (U+043E)
               not set up for use with LaTeX.

See the LaTeX manual or LaTeX Companion for explanation.
Type  H <return>  for immediate help.
 ...                                              
                                                  
l.7 ...µ–є–і–ґ–Є–љ–≥–∞ —П–≤–ї—П–µ—В—Б—П –≤–Њ–ї–љ–Њ
                                                  –≤–Њ–µ —Г—А–∞–≤–љ–µ–љ–Є–µ....
You may provide a definition with
\DeclareUnicodeCharacter 


/home/andrey/devito-vti/examples/equations/acoustic.tex:7: LaTeX Error: Unicode character –≤ (U+0432)
               not set up for use with LaTeX.

See the LaTeX manual or LaTeX Companion for explanation.
Type  H <return>  for immediate help.
 ...                                              
                                                  
l.7 ...є–і–ґ–Є–љ–≥–∞ —П–≤–ї—П–µ—В—Б—П –≤–Њ–ї–љ–Њ–≤
                                                  –Њ–µ —Г—А–∞–≤–љ–µ–љ–Є–µ. –...
You may provide a definition with
\DeclareUnicodeCharacter 


/home/andrey/devito-vti/examples/equations/acoustic.tex:7: LaTeX Error: Unicode character –Њ (U+043E)
               not set up for use with LaTeX.

See the LaTeX manual or LaTeX Companion for explanation.
Type  H <return>  for immediate help.
 ...                                              
                                                  
l.7 ...і–ґ–Є–љ–≥–∞ —П–≤–ї—П–µ—В—Б—П –≤–Њ–ї–љ–Њ–≤–Њ
                                                  –µ —Г—А–∞–≤–љ–µ–љ–Є–µ. –Т—...
You may provide a definition with
\DeclareUnicodeCharacter 


/home/andrey/devito-vti/examples/equations/acoustic.tex:7: LaTeX Error: Unicode character –µ (U+0435)
               not set up for use with LaTeX.

See the LaTeX manual or LaTeX Companion for explanation.
Type  H <return>  for immediate help.
 ...                                              
                                                  
l.7 ...ґ–Є–љ–≥–∞ —П–≤–ї—П–µ—В—Б—П –≤–Њ–ї–љ–Њ–≤–Њ–µ
                                                   —Г—А–∞–≤–љ–µ–љ–Є–µ. –Т—Б–...
You may provide a definition with
\DeclareUnicodeCharacter 


/home/andrey/devito-vti/examples/equations/acoustic.tex:7: LaTeX Error: Unicode character —Г (U+0443)
               not set up for use with LaTeX.

See the LaTeX manual or LaTeX Companion for explanation.
Type  H <return>  for immediate help.
 ...                                              
                                                  
l.7 ...–љ–≥–∞ —П–≤–ї—П–µ—В—Б—П –≤–Њ–ї–љ–Њ–≤–Њ–µ —Г
                                                  —А–∞–≤–љ–µ–љ–Є–µ. –Т—Б–µ –...
You may provide a definition with
\DeclareUnicodeCharacter 


/home/andrey/devito-vti/examples/equations/acoustic.tex:7: LaTeX Error: Unicode character —А (U+0440)
               not set up for use with LaTeX.

See the LaTeX manual or LaTeX Companion for explanation.
Type  H <return>  for immediate help.
 ...                                              
                                                  
l.7 ...–≥–∞ —П–≤–ї—П–µ—В—Б—П –≤–Њ–ї–љ–Њ–≤–Њ–µ —Г—А
                                                  –∞–≤–љ–µ–љ–Є–µ. –Т—Б–µ –∞–...
You may provide a definition with
\DeclareUnicodeCharacter 


/home/andrey/devito-vti/examples/equations/acoustic.tex:7: LaTeX Error: Unicode character –∞ (U+0430)
               not set up for use with LaTeX.

See the LaTeX manual or LaTeX Companion for explanation.
Type  H <return>  for immediate help.
 ...                                              
                                                  
l.7 ...–∞ —П–≤–ї—П–µ—В—Б—П –≤–Њ–ї–љ–Њ–≤–Њ–µ —Г—А–∞
                                                  –≤–љ–µ–љ–Є–µ. –Т—Б–µ –∞–ї–...
You may provide a definition with
\DeclareUnicodeCharacter 


/home/andrey/devito-vti/examples/equations/acoustic.tex:7: LaTeX Error: Unicode character –≤ (U+0432)
               not set up for use with LaTeX.

See the LaTeX manual or LaTeX Companion for explanation.
Type  H <return>  for immediate help.
 ...                                              
                                                  
l.7 ... —П–≤–ї—П–µ—В—Б—П –≤–Њ–ї–љ–Њ–≤–Њ–µ —Г—А–∞–≤
                                                  –љ–µ–љ–Є–µ. –Т—Б–µ –∞–ї–≥–...
You may provide a definition with
\DeclareUnicodeCharacter 


/home/andrey/devito-vti/examples/equations/acoustic.tex:7: LaTeX Error: Unicode character –љ (U+043D)
               not set up for use with LaTeX.

See the LaTeX manual or LaTeX Companion for explanation.
Type  H <return>  for immediate help.
 ...                                              
                                                  
l.7 ...П–≤–ї—П–µ—В—Б—П –≤–Њ–ї–љ–Њ–≤–Њ–µ —Г—А–∞–≤–љ
                                                  –µ–љ–Є–µ. –Т—Б–µ –∞–ї–≥–Њ—...
You may provide a definition with
\DeclareUnicodeCharacter 


/home/andrey/devito-vti/examples/equations/acoustic.tex:7: LaTeX Error: Unicode character –µ (U+0435)
               not set up for use with LaTeX.

See the LaTeX manual or LaTeX Companion for explanation.
Type  H <return>  for immediate help.
 ...                                              
                                                  
l.7 ...≤–ї—П–µ—В—Б—П –≤–Њ–ї–љ–Њ–≤–Њ–µ —Г—А–∞–≤–љ–µ
                                                  –љ–Є–µ. –Т—Б–µ –∞–ї–≥–Њ—А–...
You may provide a definition with
\DeclareUnicodeCharacter 


/home/andrey/devito-vti/examples/equations/acoustic.tex:7: LaTeX Error: Unicode character –љ (U+043D)
               not set up for use with LaTeX.

See the LaTeX manual or LaTeX Companion for explanation.
Type  H <return>  for immediate help.
 ...                                              
                                                  
l.7 ...ї—П–µ—В—Б—П –≤–Њ–ї–љ–Њ–≤–Њ–µ —Г—А–∞–≤–љ–µ–љ
                                                  –Є–µ. –Т—Б–µ –∞–ї–≥–Њ—А–Є—...
You may provide a definition with
\DeclareUnicodeCharacter 


/home/andrey/devito-vti/examples/equations/acoustic.tex:7: LaTeX Error: Unicode character –Є (U+0438)
               not set up for use with LaTeX.

See the LaTeX manual or LaTeX Companion for explanation.
Type  H <return>  for immediate help.
 ...                                              
                                                  
l.7 ...П–µ—В—Б—П –≤–Њ–ї–љ–Њ–≤–Њ–µ —Г—А–∞–≤–љ–µ–љ–Є
                                                  –µ. –Т—Б–µ –∞–ї–≥–Њ—А–Є—В–...
You may provide a definition with
\DeclareUnicodeCharacter 


/home/andrey/devito-vti/examples/equations/acoustic.tex:7: LaTeX Error: Unicode character –µ (U+0435)
               not set up for use with LaTeX.

See the LaTeX manual or LaTeX Companion for explanation.
Type  H <return>  for immediate help.
 ...                                              
                                                  
l.7 ...µ—В—Б—П –≤–Њ–ї–љ–Њ–≤–Њ–µ —Г—А–∞–≤–љ–µ–љ–Є–µ
                                                  . –Т—Б–µ –∞–ї–≥–Њ—А–Є—В–Љ—...
You may provide a definition with
\DeclareUnicodeCharacter 


/home/andrey/devito-vti/examples/equations/acoustic.tex:7: LaTeX Error: Unicode character –Т (U+0412)
               not set up for use with LaTeX.

See the LaTeX manual or LaTeX Companion for explanation.
Type  H <return>  for immediate help.
 ...                                              
                                                  
l.7 ...Б—П –≤–Њ–ї–љ–Њ–≤–Њ–µ —Г—А–∞–≤–љ–µ–љ–Є–µ. –Т
                                                  —Б–µ –∞–ї–≥–Њ—А–Є—В–Љ—Л, –...
You may provide a definition with
\DeclareUnicodeCharacter 


/home/andrey/devito-vti/examples/equations/acoustic.tex:7: LaTeX Error: Unicode character —Б (U+0441)
               not set up for use with LaTeX.

See the LaTeX manual or LaTeX Companion for explanation.
Type  H <return>  for immediate help.
 ...                                              
                                                  
l.7 ...П –≤–Њ–ї–љ–Њ–≤–Њ–µ —Г—А–∞–≤–љ–µ–љ–Є–µ. –Т—Б
                                                  –µ –∞–ї–≥–Њ—А–Є—В–Љ—Л, –Є—...
You may provide a definition with
\DeclareUnicodeCharacter 


/home/andrey/devito-vti/examples/equations/acoustic.tex:7: LaTeX Error: Unicode character –µ (U+0435)
               not set up for use with LaTeX.

See the LaTeX manual or LaTeX Companion for explanation.
Type  H <return>  for immediate help.
 ...                                              
                                                  
l.7 ...–≤–Њ–ї–љ–Њ–≤–Њ–µ —Г—А–∞–≤–љ–µ–љ–Є–µ. –Т—Б–µ
                                                   –∞–ї–≥–Њ—А–Є—В–Љ—Л, –Є—Б–...
You may provide a definition with
\DeclareUnicodeCharacter 


/home/andrey/devito-vti/examples/equations/acoustic.tex:7: LaTeX Error: Unicode character –∞ (U+0430)
               not set up for use with LaTeX.

See the LaTeX manual or LaTeX Companion for explanation.
Type  H <return>  for immediate help.
 ...                                              
                                                  
l.7 ...Њ–ї–љ–Њ–≤–Њ–µ —Г—А–∞–≤–љ–µ–љ–Є–µ. –Т—Б–µ –∞
                                                  –ї–≥–Њ—А–Є—В–Љ—Л, –Є—Б–њ–Њ...
You may provide a definition with
\DeclareUnicodeCharacter 


/home/andrey/devito-vti/examples/equations/acoustic.tex:7: LaTeX Error: Unicode character –ї (U+043B)
               not set up for use with LaTeX.

See the LaTeX manual or LaTeX Companion for explanation.
Type  H <return>  for immediate help.
 ...                                              
                                                  
l.7 ...ї–љ–Њ–≤–Њ–µ —Г—А–∞–≤–љ–µ–љ–Є–µ. –Т—Б–µ –∞–ї
                                                  –≥–Њ—А–Є—В–Љ—Л, –Є—Б–њ–Њ–ї...
You may provide a definition with
\DeclareUnicodeCharacter 


/home/andrey/devito-vti/examples/equations/acoustic.tex:7: LaTeX Error: Unicode character –≥ (U+0433)
               not set up for use with LaTeX.

See the LaTeX manual or LaTeX Companion for explanation.
Type  H <return>  for immediate help.
 ...                                              
                                                  
l.7 ...љ–Њ–≤–Њ–µ —Г—А–∞–≤–љ–µ–љ–Є–µ. –Т—Б–µ –∞–ї–≥
                                                  –Њ—А–Є—В–Љ—Л, –Є—Б–њ–Њ–ї—М...
You may provide a definition with
\DeclareUnicodeCharacter 


/home/andrey/devito-vti/examples/equations/acoustic.tex:7: LaTeX Error: Unicode character –Њ (U+043E)
               not set up for use with LaTeX.

See the LaTeX manual or LaTeX Companion for explanation.
Type  H <return>  for immediate help.
 ...                                              
                                                  
l.7 ...Њ–≤–Њ–µ —Г—А–∞–≤–љ–µ–љ–Є–µ. –Т—Б–µ –∞–ї–≥–Њ
                                                  —А–Є—В–Љ—Л, –Є—Б–њ–Њ–ї—М–Ј...
You may provide a definition with
\DeclareUnicodeCharacter 


/home/andrey/devito-vti/examples/equations/acoustic.tex:7: LaTeX Error: Unicode character —А (U+0440)
               not set up for use with LaTeX.

See the LaTeX manual or LaTeX Companion for explanation.
Type  H <return>  for immediate help.
 ...                                              
                                                  
l.7 ...≤–Њ–µ —Г—А–∞–≤–љ–µ–љ–Є–µ. –Т—Б–µ –∞–ї–≥–Њ—А
                                                  –Є—В–Љ—Л, –Є—Б–њ–Њ–ї—М–Ј—Г...
You may provide a definition with
\DeclareUnicodeCharacter 


/home/andrey/devito-vti/examples/equations/acoustic.tex:7: LaTeX Error: Unicode character –Є (U+0438)
               not set up for use with LaTeX.

See the LaTeX manual or LaTeX Companion for explanation.
Type  H <return>  for immediate help.
 ...                                              
                                                  
l.7 ...Њ–µ —Г—А–∞–≤–љ–µ–љ–Є–µ. –Т—Б–µ –∞–ї–≥–Њ—А–Є
                                                  —В–Љ—Л, –Є—Б–њ–Њ–ї—М–Ј—Г–µ...
You may provide a definition with
\DeclareUnicodeCharacter 


/home/andrey/devito-vti/examples/equations/acoustic.tex:7: LaTeX Error: Unicode character —В (U+0442)
               not set up for use with LaTeX.

See the LaTeX manual or LaTeX Companion for explanation.
Type  H <return>  for immediate help.
 ...                                              
                                                  
l.7 ...µ —Г—А–∞–≤–љ–µ–љ–Є–µ. –Т—Б–µ –∞–ї–≥–Њ—А–Є—В
                                                  –Љ—Л, –Є—Б–њ–Њ–ї—М–Ј—Г–µ–Љ...
You may provide a definition with
\DeclareUnicodeCharacter 


/home/andrey/devito-vti/examples/equations/acoustic.tex:7: LaTeX Error: Unicode character –Љ (U+043C)
               not set up for use with LaTeX.

See the LaTeX manual or LaTeX Companion for explanation.
Type  H <return>  for immediate help.
 ...                                              
                                                  
l.7 ...—Г—А–∞–≤–љ–µ–љ–Є–µ. –Т—Б–µ –∞–ї–≥–Њ—А–Є—В–Љ
                                                  —Л, –Є—Б–њ–Њ–ї—М–Ј—Г–µ–Љ—Л...
You may provide a definition with
\DeclareUnicodeCharacter 


/home/andrey/devito-vti/examples/equations/acoustic.tex:7: LaTeX Error: Unicode character —Л (U+044B)
               not set up for use with LaTeX.

See the LaTeX manual or LaTeX Companion for explanation.
Type  H <return>  for immediate help.
 ...                                              
                                                  
l.7 ...—А–∞–≤–љ–µ–љ–Є–µ. –Т—Б–µ –∞–ї–≥–Њ—А–Є—В–Љ—Л
                                                  , –Є—Б–њ–Њ–ї—М–Ј—Г–µ–Љ—Л–µ...
You may provide a definition with
\DeclareUnicodeCharacter 


/home/andrey/devito-vti/examples/equations/acoustic.tex:7: LaTeX Error: Unicode character –Є (U+0438)
               not set up for use with LaTeX.

See the LaTeX manual or LaTeX Companion for explanation.
Type  H <return>  for immediate help.
 ...                                              
                                                  
l.7 ...–≤–љ–µ–љ–Є–µ. –Т—Б–µ –∞–ї–≥–Њ—А–Є—В–Љ—Л, –Є
                                                  —Б–њ–Њ–ї—М–Ј—Г–µ–Љ—Л–µ –≤ ...
You may provide a definition with
\DeclareUnicodeCharacter 


/home/andrey/devito-vti/examples/equations/acoustic.tex:7: LaTeX Error: Unicode character —Б (U+0441)
               not set up for use with LaTeX.

See the LaTeX manual or LaTeX Companion for explanation.
Type  H <return>  for immediate help.
 ...                                              
                                                  
l.7 ...–љ–µ–љ–Є–µ. –Т—Б–µ –∞–ї–≥–Њ—А–Є—В–Љ—Л, –Є—Б
                                                  –њ–Њ–ї—М–Ј—Г–µ–Љ—Л–µ –≤ —А...
You may provide a definition with
\DeclareUnicodeCharacter 


/home/andrey/devito-vti/examples/equations/acoustic.tex:7: LaTeX Error: Unicode character –њ (U+043F)
               not set up for use with LaTeX.

See the LaTeX manual or LaTeX Companion for explanation.
Type  H <return>  for immediate help.
 ...                                              
                                                  
l.7 ...–µ–љ–Є–µ. –Т—Б–µ –∞–ї–≥–Њ—А–Є—В–Љ—Л, –Є—Б–њ
                                                  –Њ–ї—М–Ј—Г–µ–Љ—Л–µ –≤ —А–∞...
You may provide a definition with
\DeclareUnicodeCharacter 


/home/andrey/devito-vti/examples/equations/acoustic.tex:7: LaTeX Error: Unicode character –Њ (U+043E)
               not set up for use with LaTeX.

See the LaTeX manual or LaTeX Companion for explanation.
Type  H <return>  for immediate help.
 ...                                              
                                                  
l.7 ...–љ–Є–µ. –Т—Б–µ –∞–ї–≥–Њ—А–Є—В–Љ—Л, –Є—Б–њ–Њ
                                                  –ї—М–Ј—Г–µ–Љ—Л–µ –≤ —А–∞–±...
You may provide a definition with
\DeclareUnicodeCharacter 


/home/andrey/devito-vti/examples/equations/acoustic.tex:7: LaTeX Error: Unicode character –ї (U+043B)
               not set up for use with LaTeX.

See the LaTeX manual or LaTeX Companion for explanation.
Type  H <return>  for immediate help.
 ...                                              
                                                  
l.7 ...–Є–µ. –Т—Б–µ –∞–ї–≥–Њ—А–Є—В–Љ—Л, –Є—Б–њ–Њ–ї
                                                  —М–Ј—Г–µ–Љ—Л–µ –≤ —А–∞–±–Њ...
You may provide a definition with
\DeclareUnicodeCharacter 


/home/andrey/devito-vti/examples/equations/acoustic.tex:7: LaTeX Error: Unicode character —М (U+044C)
               not set up for use with LaTeX.

See the LaTeX manual or LaTeX Companion for explanation.
Type  H <return>  for immediate help.
 ...                                              
                                                  
l.7 ...–µ. –Т—Б–µ –∞–ї–≥–Њ—А–Є—В–Љ—Л, –Є—Б–њ–Њ–ї—М
                                                  –Ј—Г–µ–Љ—Л–µ –≤ —А–∞–±–Њ—В...
You may provide a definition with
\DeclareUnicodeCharacter 


/home/andrey/devito-vti/examples/equations/acoustic.tex:7: LaTeX Error: Unicode character –Ј (U+0437)
               not set up for use with LaTeX.

See the LaTeX manual or LaTeX Companion for explanation.
Type  H <return>  for immediate help.
 ...                                              
                                                  
l.7 .... –Т—Б–µ –∞–ї–≥–Њ—А–Є—В–Љ—Л, –Є—Б–њ–Њ–ї—М–Ј
                                                  —Г–µ–Љ—Л–µ –≤ —А–∞–±–Њ—В–µ...
You may provide a definition with
\DeclareUnicodeCharacter 


/home/andrey/devito-vti/examples/equations/acoustic.tex:7: LaTeX Error: Unicode character —Г (U+0443)
               not set up for use with LaTeX.

See the LaTeX manual or LaTeX Companion for explanation.
Type  H <return>  for immediate help.
 ...                                              
                                                  
l.7 ...–Т—Б–µ –∞–ї–≥–Њ—А–Є—В–Љ—Л, –Є—Б–њ–Њ–ї—М–Ј—Г
                                                  –µ–Љ—Л–µ –≤ —А–∞–±–Њ—В–µ, ...
You may provide a definition with
\DeclareUnicodeCharacter 


/home/andrey/devito-vti/examples/equations/acoustic.tex:7: LaTeX Error: Unicode character –µ (U+0435)
               not set up for use with LaTeX.

See the LaTeX manual or LaTeX Companion for explanation.
Type  H <return>  for immediate help.
 ...                                              
                                                  
l.7 ...—Б–µ –∞–ї–≥–Њ—А–Є—В–Љ—Л, –Є—Б–њ–Њ–ї—М–Ј—Г–µ
                                                  –Љ—Л–µ –≤ —А–∞–±–Њ—В–µ, –њ...
You may provide a definition with
\DeclareUnicodeCharacter 


/home/andrey/devito-vti/examples/equations/acoustic.tex:7: LaTeX Error: Unicode character –Љ (U+043C)
               not set up for use with LaTeX.

See the LaTeX manual or LaTeX Companion for explanation.
Type  H <return>  for immediate help.
 ...                                              
                                                  
l.7 ...–µ –∞–ї–≥–Њ—А–Є—В–Љ—Л, –Є—Б–њ–Њ–ї—М–Ј—Г–µ–Љ
                                                  —Л–µ –≤ —А–∞–±–Њ—В–µ, –њ–Њ...
You may provide a definition with
\DeclareUnicodeCharacter 


/home/andrey/devito-vti/examples/equations/acoustic.tex:7: LaTeX Error: Unicode character —Л (U+044B)
               not set up for use with LaTeX.

See the LaTeX manual or LaTeX Companion for explanation.
Type  H <return>  for immediate help.
 ...                                              
                                                  
l.7 ... –∞–ї–≥–Њ—А–Є—В–Љ—Л, –Є—Б–њ–Њ–ї—М–Ј—Г–µ–Љ—Л
                                                  –µ –≤ —А–∞–±–Њ—В–µ, –њ–Њ—Б...
You may provide a definition with
\DeclareUnicodeCharacter 


/home/andrey/devito-vti/examples/equations/acoustic.tex:7: LaTeX Error: Unicode character –µ (U+0435)
               not set up for use with LaTeX.

See the LaTeX manual or LaTeX Companion for explanation.
Type  H <return>  for immediate help.
 ...                                              
                                                  
l.7 ...∞–ї–≥–Њ—А–Є—В–Љ—Л, –Є—Б–њ–Њ–ї—М–Ј—Г–µ–Љ—Л–µ
                                                   –≤ —А–∞–±–Њ—В–µ, –њ–Њ—Б—В...
You may provide a definition with
\DeclareUnicodeCharacter 


/home/andrey/devito-vti/examples/equations/acoustic.tex:7: LaTeX Error: Unicode character –≤ (U+0432)
               not set up for use with LaTeX.

See the LaTeX manual or LaTeX Companion for explanation.
Type  H <return>  for immediate help.
 ...                                              
                                                  
l.7 ...–≥–Њ—А–Є—В–Љ—Л, –Є—Б–њ–Њ–ї—М–Ј—Г–µ–Љ—Л–µ –≤
                                                   —А–∞–±–Њ—В–µ, –њ–Њ—Б—В—А–...
You may provide a definition with
\DeclareUnicodeCharacter 


/home/andrey/devito-vti/examples/equations/acoustic.tex:7: LaTeX Error: Unicode character —А (U+0440)
               not set up for use with LaTeX.

See the LaTeX manual or LaTeX Companion for explanation.
Type  H <return>  for immediate help.
 ...                                              
                                                  
l.7 ...Њ—А–Є—В–Љ—Л, –Є—Б–њ–Њ–ї—М–Ј—Г–µ–Љ—Л–µ –≤ —А
                                                  –∞–±–Њ—В–µ, –њ–Њ—Б—В—А–Њ–µ...
You may provide a definition with
\DeclareUnicodeCharacter 


/home/andrey/devito-vti/examples/equations/acoustic.tex:7: LaTeX Error: Unicode character –∞ (U+0430)
               not set up for use with LaTeX.

See the LaTeX manual or LaTeX Companion for explanation.
Type  H <return>  for immediate help.
 ...                                              
                                                  
l.7 ...А–Є—В–Љ—Л, –Є—Б–њ–Њ–ї—М–Ј—Г–µ–Љ—Л–µ –≤ —А–∞
                                                  –±–Њ—В–µ, –њ–Њ—Б—В—А–Њ–µ–љ...
You may provide a definition with
\DeclareUnicodeCharacter 


/home/andrey/devito-vti/examples/equations/acoustic.tex:7: LaTeX Error: Unicode character –± (U+0431)
               not set up for use with LaTeX.

See the LaTeX manual or LaTeX Companion for explanation.
Type  H <return>  for immediate help.
 ...                                              
                                                  
l.7 ...Є—В–Љ—Л, –Є—Б–њ–Њ–ї—М–Ј—Г–µ–Љ—Л–µ –≤ —А–∞–±
                                                  –Њ—В–µ, –њ–Њ—Б—В—А–Њ–µ–љ—Л...
You may provide a definition with
\DeclareUnicodeCharacter 


/home/andrey/devito-vti/examples/equations/acoustic.tex:7: LaTeX Error: Unicode character –Њ (U+043E)
               not set up for use with LaTeX.

See the LaTeX manual or LaTeX Companion for explanation.
Type  H <return>  for immediate help.
 ...                                              
                                                  
l.7 ...В–Љ—Л, –Є—Б–њ–Њ–ї—М–Ј—Г–µ–Љ—Л–µ –≤ —А–∞–±–Њ
                                                  —В–µ, –њ–Њ—Б—В—А–Њ–µ–љ—Л –...
You may provide a definition with
\DeclareUnicodeCharacter 


/home/andrey/devito-vti/examples/equations/acoustic.tex:7: LaTeX Error: Unicode character —В (U+0442)
               not set up for use with LaTeX.

See the LaTeX manual or LaTeX Companion for explanation.
Type  H <return>  for immediate help.
 ...                                              
                                                  
l.7 ...Љ—Л, –Є—Б–њ–Њ–ї—М–Ј—Г–µ–Љ—Л–µ –≤ —А–∞–±–Њ—В
                                                  –µ, –њ–Њ—Б—В—А–Њ–µ–љ—Л –љ–...
You may provide a definition with
\DeclareUnicodeCharacter 


/home/andrey/devito-vti/examples/equations/acoustic.tex:7: LaTeX Error: Unicode character –µ (U+0435)
               not set up for use with LaTeX.

See the LaTeX manual or LaTeX Companion for explanation.
Type  H <return>  for immediate help.
 ...                                              
                                                  
l.7 ...Л, –Є—Б–њ–Њ–ї—М–Ј—Г–µ–Љ—Л–µ –≤ —А–∞–±–Њ—В–µ
                                                  , –њ–Њ—Б—В—А–Њ–µ–љ—Л –љ–∞ ...
You may provide a definition with
\DeclareUnicodeCharacter 


/home/andrey/devito-vti/examples/equations/acoustic.tex:7: LaTeX Error: Unicode character –њ (U+043F)
               not set up for use with LaTeX.

See the LaTeX manual or LaTeX Companion for explanation.
Type  H <return>  for immediate help.
 ...                                              
                                                  
l.7 ...Є—Б–њ–Њ–ї—М–Ј—Г–µ–Љ—Л–µ –≤ —А–∞–±–Њ—В–µ, –њ
                                                  –Њ—Б—В—А–Њ–µ–љ—Л –љ–∞ –∞–Ї...
You may provide a definition with
\DeclareUnicodeCharacter 


/home/andrey/devito-vti/examples/equations/acoustic.tex:7: LaTeX Error: Unicode character –Њ (U+043E)
               not set up for use with LaTeX.

See the LaTeX manual or LaTeX Companion for explanation.
Type  H <return>  for immediate help.
 ...                                              
                                                  
l.7 ...Б–њ–Њ–ї—М–Ј—Г–µ–Љ—Л–µ –≤ —А–∞–±–Њ—В–µ, –њ–Њ
                                                  —Б—В—А–Њ–µ–љ—Л –љ–∞ –∞–Ї—Г...
You may provide a definition with
\DeclareUnicodeCharacter 


/home/andrey/devito-vti/examples/equations/acoustic.tex:7: LaTeX Error: Unicode character —Б (U+0441)
               not set up for use with LaTeX.

See the LaTeX manual or LaTeX Companion for explanation.
Type  H <return>  for immediate help.
 ...                                              
                                                  
l.7 ...њ–Њ–ї—М–Ј—Г–µ–Љ—Л–µ –≤ —А–∞–±–Њ—В–µ, –њ–Њ—Б
                                                  —В—А–Њ–µ–љ—Л –љ–∞ –∞–Ї—Г—Б...
You may provide a definition with
\DeclareUnicodeCharacter 


/home/andrey/devito-vti/examples/equations/acoustic.tex:7: LaTeX Error: Unicode character —В (U+0442)
               not set up for use with LaTeX.

See the LaTeX manual or LaTeX Companion for explanation.
Type  H <return>  for immediate help.
 ...                                              
                                                  
l.7 ...Њ–ї—М–Ј—Г–µ–Љ—Л–µ –≤ —А–∞–±–Њ—В–µ, –њ–Њ—Б—В
                                                  —А–Њ–µ–љ—Л –љ–∞ –∞–Ї—Г—Б—В...
You may provide a definition with
\DeclareUnicodeCharacter 


/home/andrey/devito-vti/examples/equations/acoustic.tex:7: LaTeX Error: Unicode character —А (U+0440)
               not set up for use with LaTeX.

See the LaTeX manual or LaTeX Companion for explanation.
Type  H <return>  for immediate help.
 ...                                              
                                                  
l.7 ...ї—М–Ј—Г–µ–Љ—Л–µ –≤ —А–∞–±–Њ—В–µ, –њ–Њ—Б—В—А
                                                  –Њ–µ–љ—Л –љ–∞ –∞–Ї—Г—Б—В–Є...
You may provide a definition with
\DeclareUnicodeCharacter 


/home/andrey/devito-vti/examples/equations/acoustic.tex:7: LaTeX Error: Unicode character –Њ (U+043E)
               not set up for use with LaTeX.

See the LaTeX manual or LaTeX Companion for explanation.
Type  H <return>  for immediate help.
 ...                                              
                                                  
l.7 ...М–Ј—Г–µ–Љ—Л–µ –≤ —А–∞–±–Њ—В–µ, –њ–Њ—Б—В—А–Њ
                                                  –µ–љ—Л –љ–∞ –∞–Ї—Г—Б—В–Є—З...
You may provide a definition with
\DeclareUnicodeCharacter 


/home/andrey/devito-vti/examples/equations/acoustic.tex:7: LaTeX Error: Unicode character –µ (U+0435)
               not set up for use with LaTeX.

See the LaTeX manual or LaTeX Companion for explanation.
Type  H <return>  for immediate help.
 ...                                              
                                                  
l.7 ...Ј—Г–µ–Љ—Л–µ –≤ —А–∞–±–Њ—В–µ, –њ–Њ—Б—В—А–Њ–µ
                                                  –љ—Л –љ–∞ –∞–Ї—Г—Б—В–Є—З–µ...
You may provide a definition with
\DeclareUnicodeCharacter 


/home/andrey/devito-vti/examples/equations/acoustic.tex:7: LaTeX Error: Unicode character –љ (U+043D)
               not set up for use with LaTeX.

See the LaTeX manual or LaTeX Companion for explanation.
Type  H <return>  for immediate help.
 ...                                              
                                                  
l.7 ...Г–µ–Љ—Л–µ –≤ —А–∞–±–Њ—В–µ, –њ–Њ—Б—В—А–Њ–µ–љ
                                                  —Л –љ–∞ –∞–Ї—Г—Б—В–Є—З–µ—Б...
You may provide a definition with
\DeclareUnicodeCharacter 


/home/andrey/devito-vti/examples/equations/acoustic.tex:7: LaTeX Error: Unicode character —Л (U+044B)
               not set up for use with LaTeX.

See the LaTeX manual or LaTeX Companion for explanation.
Type  H <return>  for immediate help.
 ...                                              
                                                  
l.7 ...µ–Љ—Л–µ –≤ —А–∞–±–Њ—В–µ, –њ–Њ—Б—В—А–Њ–µ–љ—Л
                                                   –љ–∞ –∞–Ї—Г—Б—В–Є—З–µ—Б–Ї...
You may provide a definition with
\DeclareUnicodeCharacter 


/home/andrey/devito-vti/examples/equations/acoustic.tex:7: LaTeX Error: Unicode character –љ (U+043D)
               not set up for use with LaTeX.

See the LaTeX manual or LaTeX Companion for explanation.
Type  H <return>  for immediate help.
 ...                                              
                                                  
l.7 ...—Л–µ –≤ —А–∞–±–Њ—В–µ, –њ–Њ—Б—В—А–Њ–µ–љ—Л –љ
                                                  –∞ –∞–Ї—Г—Б—В–Є—З–µ—Б–Ї–Њ–...
You may provide a definition with
\DeclareUnicodeCharacter 


/home/andrey/devito-vti/examples/equations/acoustic.tex:7: LaTeX Error: Unicode character –∞ (U+0430)
               not set up for use with LaTeX.

See the LaTeX manual or LaTeX Companion for explanation.
Type  H <return>  for immediate help.
 ...                                              
                                                  
l.7 ...–µ –≤ —А–∞–±–Њ—В–µ, –њ–Њ—Б—В—А–Њ–µ–љ—Л –љ–∞
                                                   –∞–Ї—Г—Б—В–Є—З–µ—Б–Ї–Њ–Љ ...
You may provide a definition with
\DeclareUnicodeCharacter 


/home/andrey/devito-vti/examples/equations/acoustic.tex:7: LaTeX Error: Unicode character –∞ (U+0430)
               not set up for use with LaTeX.

See the LaTeX manual or LaTeX Companion for explanation.
Type  H <return>  for immediate help.
 ...                                              
                                                  
l.7 ...–≤ —А–∞–±–Њ—В–µ, –њ–Њ—Б—В—А–Њ–µ–љ—Л –љ–∞ –∞
                                                  –Ї—Г—Б—В–Є—З–µ—Б–Ї–Њ–Љ –≤–...
You may provide a definition with
\DeclareUnicodeCharacter 


/home/andrey/devito-vti/examples/equations/acoustic.tex:7: LaTeX Error: Unicode character –Ї (U+043A)
               not set up for use with LaTeX.

See the LaTeX manual or LaTeX Companion for explanation.
Type  H <return>  for immediate help.
 ...                                              
                                                  
l.7 ... —А–∞–±–Њ—В–µ, –њ–Њ—Б—В—А–Њ–µ–љ—Л –љ–∞ –∞–Ї
                                                  —Г—Б—В–Є—З–µ—Б–Ї–Њ–Љ –≤–Њ–...
You may provide a definition with
\DeclareUnicodeCharacter 


/home/andrey/devito-vti/examples/equations/acoustic.tex:7: LaTeX Error: Unicode character —Г (U+0443)
               not set up for use with LaTeX.

See the LaTeX manual or LaTeX Companion for explanation.
Type  H <return>  for immediate help.
 ...                                              
                                                  
l.7 ...А–∞–±–Њ—В–µ, –њ–Њ—Б—В—А–Њ–µ–љ—Л –љ–∞ –∞–Ї—Г
                                                  —Б—В–Є—З–µ—Б–Ї–Њ–Љ –≤–Њ–ї–...
You may provide a definition with
\DeclareUnicodeCharacter 


/home/andrey/devito-vti/examples/equations/acoustic.tex:7: LaTeX Error: Unicode character —Б (U+0441)
               not set up for use with LaTeX.

See the LaTeX manual or LaTeX Companion for explanation.
Type  H <return>  for immediate help.
 ...                                              
                                                  
l.7 ...∞–±–Њ—В–µ, –њ–Њ—Б—В—А–Њ–µ–љ—Л –љ–∞ –∞–Ї—Г—Б
                                                  —В–Є—З–µ—Б–Ї–Њ–Љ –≤–Њ–ї–љ–...
You may provide a definition with
\DeclareUnicodeCharacter 


/home/andrey/devito-vti/examples/equations/acoustic.tex:7: LaTeX Error: Unicode character —В (U+0442)
               not set up for use with LaTeX.

See the LaTeX manual or LaTeX Companion for explanation.
Type  H <return>  for immediate help.
 ...                                              
                                                  
l.7 ...±–Њ—В–µ, –њ–Њ—Б—В—А–Њ–µ–љ—Л –љ–∞ –∞–Ї—Г—Б—В
                                                  –Є—З–µ—Б–Ї–Њ–Љ –≤–Њ–ї–љ–Њ–...
You may provide a definition with
\DeclareUnicodeCharacter 


/home/andrey/devito-vti/examples/equations/acoustic.tex:7: LaTeX Error: Unicode character –Є (U+0438)
               not set up for use with LaTeX.

See the LaTeX manual or LaTeX Companion for explanation.
Type  H <return>  for immediate help.
 ...                                              
                                                  
l.7 ...Њ—В–µ, –њ–Њ—Б—В—А–Њ–µ–љ—Л –љ–∞ –∞–Ї—Г—Б—В–Є
                                                  —З–µ—Б–Ї–Њ–Љ –≤–Њ–ї–љ–Њ–≤–...
You may provide a definition with
\DeclareUnicodeCharacter 


/home/andrey/devito-vti/examples/equations/acoustic.tex:7: LaTeX Error: Unicode character —З (U+0447)
               not set up for use with LaTeX.

See the LaTeX manual or LaTeX Companion for explanation.
Type  H <return>  for immediate help.
 ...                                              
                                                  
l.7 ...В–µ, –њ–Њ—Б—В—А–Њ–µ–љ—Л –љ–∞ –∞–Ї—Г—Б—В–Є—З
                                                  –µ—Б–Ї–Њ–Љ –≤–Њ–ї–љ–Њ–≤–Њ–...
You may provide a definition with
\DeclareUnicodeCharacter 


/home/andrey/devito-vti/examples/equations/acoustic.tex:7: LaTeX Error: Unicode character –µ (U+0435)
               not set up for use with LaTeX.

See the LaTeX manual or LaTeX Companion for explanation.
Type  H <return>  for immediate help.
 ...                                              
                                                  
l.7 ...µ, –њ–Њ—Б—В—А–Њ–µ–љ—Л –љ–∞ –∞–Ї—Г—Б—В–Є—З–µ
                                                  —Б–Ї–Њ–Љ –≤–Њ–ї–љ–Њ–≤–Њ–Љ ...
You may provide a definition with
\DeclareUnicodeCharacter 


/home/andrey/devito-vti/examples/equations/acoustic.tex:7: LaTeX Error: Unicode character —Б (U+0441)
               not set up for use with LaTeX.

See the LaTeX manual or LaTeX Companion for explanation.
Type  H <return>  for immediate help.
 ...                                              
                                                  
l.7 ... –њ–Њ—Б—В—А–Њ–µ–љ—Л –љ–∞ –∞–Ї—Г—Б—В–Є—З–µ—Б
                                                  –Ї–Њ–Љ –≤–Њ–ї–љ–Њ–≤–Њ–Љ —Г...
You may provide a definition with
\DeclareUnicodeCharacter 


/home/andrey/devito-vti/examples/equations/acoustic.tex:7: LaTeX Error: Unicode character –Ї (U+043A)
               not set up for use with LaTeX.

See the LaTeX manual or LaTeX Companion for explanation.
Type  H <return>  for immediate help.
 ...                                              
                                                  
l.7 ...њ–Њ—Б—В—А–Њ–µ–љ—Л –љ–∞ –∞–Ї—Г—Б—В–Є—З–µ—Б–Ї
                                                  –Њ–Љ –≤–Њ–ї–љ–Њ–≤–Њ–Љ —Г—А...
You may provide a definition with
\DeclareUnicodeCharacter 


/home/andrey/devito-vti/examples/equations/acoustic.tex:7: LaTeX Error: Unicode character –Њ (U+043E)
               not set up for use with LaTeX.

See the LaTeX manual or LaTeX Companion for explanation.
Type  H <return>  for immediate help.
 ...                                              
                                                  
l.7 ...Њ—Б—В—А–Њ–µ–љ—Л –љ–∞ –∞–Ї—Г—Б—В–Є—З–µ—Б–Ї–Њ
                                                  –Љ –≤–Њ–ї–љ–Њ–≤–Њ–Љ —Г—А–∞...
You may provide a definition with
\DeclareUnicodeCharacter 


/home/andrey/devito-vti/examples/equations/acoustic.tex:7: LaTeX Error: Unicode character –Љ (U+043C)
               not set up for use with LaTeX.

See the LaTeX manual or LaTeX Companion for explanation.
Type  H <return>  for immediate help.
 ...                                              
                                                  
l.7 ...Б—В—А–Њ–µ–љ—Л –љ–∞ –∞–Ї—Г—Б—В–Є—З–µ—Б–Ї–Њ–Љ
                                                   –≤–Њ–ї–љ–Њ–≤–Њ–Љ —Г—А–∞–≤...
You may provide a definition with
\DeclareUnicodeCharacter 


/home/andrey/devito-vti/examples/equations/acoustic.tex:7: LaTeX Error: Unicode character –≤ (U+0432)
               not set up for use with LaTeX.

See the LaTeX manual or LaTeX Companion for explanation.
Type  H <return>  for immediate help.
 ...                                              
                                                  
l.7 ...—А–Њ–µ–љ—Л –љ–∞ –∞–Ї—Г—Б—В–Є—З–µ—Б–Ї–Њ–Љ –≤
                                                  –Њ–ї–љ–Њ–≤–Њ–Љ —Г—А–∞–≤–љ–...
You may provide a definition with
\DeclareUnicodeCharacter 


/home/andrey/devito-vti/examples/equations/acoustic.tex:7: LaTeX Error: Unicode character –Њ (U+043E)
               not set up for use with LaTeX.

See the LaTeX manual or LaTeX Companion for explanation.
Type  H <return>  for immediate help.
 ...                                              
                                                  
l.7 ...–Њ–µ–љ—Л –љ–∞ –∞–Ї—Г—Б—В–Є—З–µ—Б–Ї–Њ–Љ –≤–Њ
                                                  –ї–љ–Њ–≤–Њ–Љ —Г—А–∞–≤–љ–µ–...
You may provide a definition with
\DeclareUnicodeCharacter 


/home/andrey/devito-vti/examples/equations/acoustic.tex:7: LaTeX Error: Unicode character –ї (U+043B)
               not set up for use with LaTeX.

See the LaTeX manual or LaTeX Companion for explanation.
Type  H <return>  for immediate help.
 ...                                              
                                                  
l.7 ...–µ–љ—Л –љ–∞ –∞–Ї—Г—Б—В–Є—З–µ—Б–Ї–Њ–Љ –≤–Њ–ї
                                                  –љ–Њ–≤–Њ–Љ —Г—А–∞–≤–љ–µ–љ–...
You may provide a definition with
\DeclareUnicodeCharacter 


/home/andrey/devito-vti/examples/equations/acoustic.tex:7: LaTeX Error: Unicode character –љ (U+043D)
               not set up for use with LaTeX.

See the LaTeX manual or LaTeX Companion for explanation.
Type  H <return>  for immediate help.
 ...                                              
                                                  
l.7 ...–љ—Л –љ–∞ –∞–Ї—Г—Б—В–Є—З–µ—Б–Ї–Њ–Љ –≤–Њ–ї–љ
                                                  –Њ–≤–Њ–Љ —Г—А–∞–≤–љ–µ–љ–Є–Є:
You may provide a definition with
\DeclareUnicodeCharacter 


/home/andrey/devito-vti/examples/equations/acoustic.tex:7: LaTeX Error: Unicode character –Њ (U+043E)
               not set up for use with LaTeX.

See the LaTeX manual or LaTeX Companion for explanation.
Type  H <return>  for immediate help.
 ...                                              
                                                  
l.7 ...—Л –љ–∞ –∞–Ї—Г—Б—В–Є—З–µ—Б–Ї–Њ–Љ –≤–Њ–ї–љ–Њ
                                                  –≤–Њ–Љ —Г—А–∞–≤–љ–µ–љ–Є–Є:
You may provide a definition with
\DeclareUnicodeCharacter 


/home/andrey/devito-vti/examples/equations/acoustic.tex:7: LaTeX Error: Unicode character –≤ (U+0432)
               not set up for use with LaTeX.

See the LaTeX manual or LaTeX Companion for explanation.
Type  H <return>  for immediate help.
 ...                                              
                                                  
l.7 ... –љ–∞ –∞–Ї—Г—Б—В–Є—З–µ—Б–Ї–Њ–Љ –≤–Њ–ї–љ–Њ–≤
                                                  –Њ–Љ —Г—А–∞–≤–љ–µ–љ–Є–Є:
You may provide a definition with
\DeclareUnicodeCharacter 


/home/andrey/devito-vti/examples/equations/acoustic.tex:7: LaTeX Error: Unicode character –Њ (U+043E)
               not set up for use with LaTeX.

See the LaTeX manual or LaTeX Companion for explanation.
Type  H <return>  for immediate help.
 ...                                              
                                                  
l.7 ...љ–∞ –∞–Ї—Г—Б—В–Є—З–µ—Б–Ї–Њ–Љ –≤–Њ–ї–љ–Њ–≤–Њ
                                                  –Љ —Г—А–∞–≤–љ–µ–љ–Є–Є:
You may provide a definition with
\DeclareUnicodeCharacter 


/home/andrey/devito-vti/examples/equations/acoustic.tex:7: LaTeX Error: Unicode character –Љ (U+043C)
               not set up for use with LaTeX.

See the LaTeX manual or LaTeX Companion for explanation.
Type  H <return>  for immediate help.
 ...                                              
                                                  
l.7 ...∞ –∞–Ї—Г—Б—В–Є—З–µ—Б–Ї–Њ–Љ –≤–Њ–ї–љ–Њ–≤–Њ–Љ
                                                   —Г—А–∞–≤–љ–µ–љ–Є–Є:
You may provide a definition with
\DeclareUnicodeCharacter 


/home/andrey/devito-vti/examples/equations/acoustic.tex:7: LaTeX Error: Unicode character —Г (U+0443)
               not set up for use with LaTeX.

See the LaTeX manual or LaTeX Companion for explanation.
Type  H <return>  for immediate help.
 ...                                              
                                                  
l.7 ...∞–Ї—Г—Б—В–Є—З–µ—Б–Ї–Њ–Љ –≤–Њ–ї–љ–Њ–≤–Њ–Љ —Г
                                                  —А–∞–≤–љ–µ–љ–Є–Є:
You may provide a definition with
\DeclareUnicodeCharacter 


/home/andrey/devito-vti/examples/equations/acoustic.tex:7: LaTeX Error: Unicode character —А (U+0440)
               not set up for use with LaTeX.

See the LaTeX manual or LaTeX Companion for explanation.
Type  H <return>  for immediate help.
 ...                                              
                                                  
l.7 ...Ї—Г—Б—В–Є—З–µ—Б–Ї–Њ–Љ –≤–Њ–ї–љ–Њ–≤–Њ–Љ —Г—А
                                                  –∞–≤–љ–µ–љ–Є–Є:
You may provide a definition with
\DeclareUnicodeCharacter 


/home/andrey/devito-vti/examples/equations/acoustic.tex:7: LaTeX Error: Unicode character –∞ (U+0430)
               not set up for use with LaTeX.

See the LaTeX manual or LaTeX Companion for explanation.
Type  H <return>  for immediate help.
 ...                                              
                                                  
l.7 ...Г—Б—В–Є—З–µ—Б–Ї–Њ–Љ –≤–Њ–ї–љ–Њ–≤–Њ–Љ —Г—А–∞
                                                  –≤–љ–µ–љ–Є–Є:
You may provide a definition with
\DeclareUnicodeCharacter 


/home/andrey/devito-vti/examples/equations/acoustic.tex:7: LaTeX Error: Unicode character –≤ (U+0432)
               not set up for use with LaTeX.

See the LaTeX manual or LaTeX Companion for explanation.
Type  H <return>  for immediate help.
 ...                                              
                                                  
l.7 ...Б—В–Є—З–µ—Б–Ї–Њ–Љ –≤–Њ–ї–љ–Њ–≤–Њ–Љ —Г—А–∞–≤
                                                  –љ–µ–љ–Є–Є:
You may provide a definition with
\DeclareUnicodeCharacter 


/home/andrey/devito-vti/examples/equations/acoustic.tex:7: LaTeX Error: Unicode character –љ (U+043D)
               not set up for use with LaTeX.

See the LaTeX manual or LaTeX Companion for explanation.
Type  H <return>  for immediate help.
 ...                                              
                                                  
l.7 ...В–Є—З–µ—Б–Ї–Њ–Љ –≤–Њ–ї–љ–Њ–≤–Њ–Љ —Г—А–∞–≤–љ
                                                  –µ–љ–Є–Є:
You may provide a definition with
\DeclareUnicodeCharacter 


/home/andrey/devito-vti/examples/equations/acoustic.tex:7: LaTeX Error: Unicode character –µ (U+0435)
               not set up for use with LaTeX.

See the LaTeX manual or LaTeX Companion for explanation.
Type  H <return>  for immediate help.
 ...                                              
                                                  
l.7 ...Є—З–µ—Б–Ї–Њ–Љ –≤–Њ–ї–љ–Њ–≤–Њ–Љ —Г—А–∞–≤–љ–µ
                                                  –љ–Є–Є:
You may provide a definition with
\DeclareUnicodeCharacter 


/home/andrey/devito-vti/examples/equations/acoustic.tex:7: LaTeX Error: Unicode character –љ (U+043D)
               not set up for use with LaTeX.

See the LaTeX manual or LaTeX Companion for explanation.
Type  H <return>  for immediate help.
 ...                                              
                                                  
l.7 ...З–µ—Б–Ї–Њ–Љ –≤–Њ–ї–љ–Њ–≤–Њ–Љ —Г—А–∞–≤–љ–µ–љ
                                                  –Є–Є:
You may provide a definition with
\DeclareUnicodeCharacter 


/home/andrey/devito-vti/examples/equations/acoustic.tex:7: LaTeX Error: Unicode character –Є (U+0438)
               not set up for use with LaTeX.

See the LaTeX manual or LaTeX Companion for explanation.
Type  H <return>  for immediate help.
 ...                                              
                                                  
l.7 ...µ—Б–Ї–Њ–Љ –≤–Њ–ї–љ–Њ–≤–Њ–Љ —Г—А–∞–≤–љ–µ–љ–Є
                                                  –Є:
You may provide a definition with
\DeclareUnicodeCharacter 


/home/andrey/devito-vti/examples/equations/acoustic.tex:7: LaTeX Error: Unicode character –Є (U+0438)
               not set up for use with LaTeX.

See the LaTeX manual or LaTeX Companion for explanation.
Type  H <return>  for immediate help.
 ...                                              
                                                  
l.7 ...Б–Ї–Њ–Љ –≤–Њ–ї–љ–Њ–≤–Њ–Љ —Г—А–∞–≤–љ–µ–љ–Є–Є
                                                  :
You may provide a definition with
\DeclareUnicodeCharacter 


/home/andrey/devito-vti/examples/equations/acoustic.tex:12: LaTeX Error: Unicode character –Ш (U+0418)
               not set up for use with LaTeX.

See the LaTeX manual or LaTeX Companion for explanation.
Type  H <return>  for immediate help.
 ...                                              
                                                  
l.12 –Ш
       –ї–Є, –≤ –Њ–њ–µ—А–∞—В–Њ—А–љ–Њ–Љ –≤–Є–і–µ:
You may provide a definition with
\DeclareUnicodeCharacter 


/home/andrey/devito-vti/examples/equations/acoustic.tex:12: LaTeX Error: Unicode character –ї (U+043B)
               not set up for use with LaTeX.

See the LaTeX manual or LaTeX Companion for explanation.
Type  H <return>  for immediate help.
 ...                                              
                                                  
l.12 –Ш–ї
         –Є, –≤ –Њ–њ–µ—А–∞—В–Њ—А–љ–Њ–Љ –≤–Є–і–µ:
You may provide a definition with
\DeclareUnicodeCharacter 


/home/andrey/devito-vti/examples/equations/acoustic.tex:12: LaTeX Error: Unicode character –Є (U+0438)
               not set up for use with LaTeX.

See the LaTeX manual or LaTeX Companion for explanation.
Type  H <return>  for immediate help.
 ...                                              
                                                  
l.12 –Ш–ї–Є
           , –≤ –Њ–њ–µ—А–∞—В–Њ—А–љ–Њ–Љ –≤–Є–і–µ:
You may provide a definition with
\DeclareUnicodeCharacter 


/home/andrey/devito-vti/examples/equations/acoustic.tex:12: LaTeX Error: Unicode character –≤ (U+0432)
               not set up for use with LaTeX.

See the LaTeX manual or LaTeX Companion for explanation.
Type  H <return>  for immediate help.
 ...                                              
                                                  
l.12 –Ш–ї–Є, –≤
                –Њ–њ–µ—А–∞—В–Њ—А–љ–Њ–Љ –≤–Є–і–µ:
You may provide a definition with
\DeclareUnicodeCharacter 


/home/andrey/devito-vti/examples/equations/acoustic.tex:12: LaTeX Error: Unicode character –Њ (U+043E)
               not set up for use with LaTeX.

See the LaTeX manual or LaTeX Companion for explanation.
Type  H <return>  for immediate help.
 ...                                              
                                                  
l.12 –Ш–ї–Є, –≤ –Њ
                  –њ–µ—А–∞—В–Њ—А–љ–Њ–Љ –≤–Є–і–µ:
You may provide a definition with
\DeclareUnicodeCharacter 


/home/andrey/devito-vti/examples/equations/acoustic.tex:12: LaTeX Error: Unicode character –њ (U+043F)
               not set up for use with LaTeX.

See the LaTeX manual or LaTeX Companion for explanation.
Type  H <return>  for immediate help.
 ...                                              
                                                  
l.12 –Ш–ї–Є, –≤ –Њ–њ
                    –µ—А–∞—В–Њ—А–љ–Њ–Љ –≤–Є–і–µ:
You may provide a definition with
\DeclareUnicodeCharacter 


/home/andrey/devito-vti/examples/equations/acoustic.tex:12: LaTeX Error: Unicode character –µ (U+0435)
               not set up for use with LaTeX.

See the LaTeX manual or LaTeX Companion for explanation.
Type  H <return>  for immediate help.
 ...                                              
                                                  
l.12 –Ш–ї–Є, –≤ –Њ–њ–µ
                      —А–∞—В–Њ—А–љ–Њ–Љ –≤–Є–і–µ:
You may provide a definition with
\DeclareUnicodeCharacter 


/home/andrey/devito-vti/examples/equations/acoustic.tex:12: LaTeX Error: Unicode character —А (U+0440)
               not set up for use with LaTeX.

See the LaTeX manual or LaTeX Companion for explanation.
Type  H <return>  for immediate help.
 ...                                              
                                                  
l.12 –Ш–ї–Є, –≤ –Њ–њ–µ—А
                        –∞—В–Њ—А–љ–Њ–Љ –≤–Є–і–µ:
You may provide a definition with
\DeclareUnicodeCharacter 


/home/andrey/devito-vti/examples/equations/acoustic.tex:12: LaTeX Error: Unicode character –∞ (U+0430)
               not set up for use with LaTeX.

See the LaTeX manual or LaTeX Companion for explanation.
Type  H <return>  for immediate help.
 ...                                              
                                                  
l.12 –Ш–ї–Є, –≤ –Њ–њ–µ—А–∞
                          —В–Њ—А–љ–Њ–Љ –≤–Є–і–µ:
You may provide a definition with
\DeclareUnicodeCharacter 


/home/andrey/devito-vti/examples/equations/acoustic.tex:12: LaTeX Error: Unicode character —В (U+0442)
               not set up for use with LaTeX.

See the LaTeX manual or LaTeX Companion for explanation.
Type  H <return>  for immediate help.
 ...                                              
                                                  
l.12 –Ш–ї–Є, –≤ –Њ–њ–µ—А–∞—В
                            –Њ—А–љ–Њ–Љ –≤–Є–і–µ:
You may provide a definition with
\DeclareUnicodeCharacter 


/home/andrey/devito-vti/examples/equations/acoustic.tex:12: LaTeX Error: Unicode character –Њ (U+043E)
               not set up for use with LaTeX.

See the LaTeX manual or LaTeX Companion for explanation.
Type  H <return>  for immediate help.
 ...                                              
                                                  
l.12 –Ш–ї–Є, –≤ –Њ–њ–µ—А–∞—В–Њ
                              —А–љ–Њ–Љ –≤–Є–і–µ:
You may provide a definition with
\DeclareUnicodeCharacter 


/home/andrey/devito-vti/examples/equations/acoustic.tex:12: LaTeX Error: Unicode character —А (U+0440)
               not set up for use with LaTeX.

See the LaTeX manual or LaTeX Companion for explanation.
Type  H <return>  for immediate help.
 ...                                              
                                                  
l.12 –Ш–ї–Є, –≤ –Њ–њ–µ—А–∞—В–Њ—А
                                –љ–Њ–Љ –≤–Є–і–µ:
You may provide a definition with
\DeclareUnicodeCharacter 


/home/andrey/devito-vti/examples/equations/acoustic.tex:12: LaTeX Error: Unicode character –љ (U+043D)
               not set up for use with LaTeX.

See the LaTeX manual or LaTeX Companion for explanation.
Type  H <return>  for immediate help.
 ...                                              
                                                  
l.12 –Ш–ї–Є, –≤ –Њ–њ–µ—А–∞—В–Њ—А–љ
                                  –Њ–Љ –≤–Є–і–µ:
You may provide a definition with
\DeclareUnicodeCharacter 


/home/andrey/devito-vti/examples/equations/acoustic.tex:12: LaTeX Error: Unicode character –Њ (U+043E)
               not set up for use with LaTeX.

See the LaTeX manual or LaTeX Companion for explanation.
Type  H <return>  for immediate help.
 ...                                              
                                                  
l.12 –Ш–ї–Є, –≤ –Њ–њ–µ—А–∞—В–Њ—А–љ–Њ
                                    –Љ –≤–Є–і–µ:
You may provide a definition with
\DeclareUnicodeCharacter 


/home/andrey/devito-vti/examples/equations/acoustic.tex:12: LaTeX Error: Unicode character –Љ (U+043C)
               not set up for use with LaTeX.

See the LaTeX manual or LaTeX Companion for explanation.
Type  H <return>  for immediate help.
 ...                                              
                                                  
l.12 –Ш–ї–Є, –≤ –Њ–њ–µ—А–∞—В–Њ—А–љ–Њ–Љ
                                       –≤–Є–і–µ:
You may provide a definition with
\DeclareUnicodeCharacter 


/home/andrey/devito-vti/examples/equations/acoustic.tex:12: LaTeX Error: Unicode character –≤ (U+0432)
               not set up for use with LaTeX.

See the LaTeX manual or LaTeX Companion for explanation.
Type  H <return>  for immediate help.
 ...                                              
                                                  
l.12 –Ш–ї–Є, –≤ –Њ–њ–µ—А–∞—В–Њ—А–љ–Њ–Љ –≤
                                         –Є–і–µ:
You may provide a definition with
\DeclareUnicodeCharacter 


/home/andrey/devito-vti/examples/equations/acoustic.tex:12: LaTeX Error: Unicode character –Є (U+0438)
               not set up for use with LaTeX.

See the LaTeX manual or LaTeX Companion for explanation.
Type  H <return>  for immediate help.
 ...                                              
                                                  
l.12 –Ш–ї–Є, –≤ –Њ–њ–µ—А–∞—В–Њ—А–љ–Њ–Љ –≤–Є
                                           –і–µ:
You may provide a definition with
\DeclareUnicodeCharacter 


/home/andrey/devito-vti/examples/equations/acoustic.tex:12: LaTeX Error: Unicode character –і (U+0434)
               not set up for use with LaTeX.

See the LaTeX manual or LaTeX Companion for explanation.
Type  H <return>  for immediate help.
 ...                                              
                                                  
l.12 –Ш–ї–Є, –≤ –Њ–њ–µ—А–∞—В–Њ—А–љ–Њ–Љ –≤–Є–і
                                             –µ:
You may provide a definition with
\DeclareUnicodeCharacter 


/home/andrey/devito-vti/examples/equations/acoustic.tex:12: LaTeX Error: Unicode character –µ (U+0435)
               not set up for use with LaTeX.

See the LaTeX manual or LaTeX Companion for explanation.
Type  H <return>  for immediate help.
 ...                                              
                                                  
l.12 –Ш–ї–Є, –≤ –Њ–њ–µ—А–∞—В–Њ—А–љ–Њ–Љ –≤–Є–і–µ
                                               :
You may provide a definition with
\DeclareUnicodeCharacter 


/home/andrey/devito-vti/examples/equations/acoustic.tex:15: LaTeX Error: Command \Box not provided in base LaTeX2e.

See the LaTeX manual or LaTeX Companion for explanation.
Type  H <return>  for immediate help.
 ...                                              
                                                  
l.15 ...r form using the d'Alembert operator $\Box
                                                  $:
Load the latexsym or the amsfonts package to define this symbol

/home/andrey/devito-vti/examples/equations/acoustic.tex:24: Missing $ inserted.
<inserted text> 
                $
l.24 Alternative using \laplacian f
                                   rom physics package
I've inserted a begin-math/end-math symbol since I think
you left one out. Proceed, with fingers crossed.


/home/andrey/devito-vti/examples/equations/acoustic.tex:25: LaTeX Error: Bad math environment delimiter.

See the LaTeX manual or LaTeX Companion for explanation.
Type  H <return>  for immediate help.
 ...                                              
                                                  
l.25 \[
       
Your command was ignored.
Type  I <command> <return>  to replace it with another command,
or  <return>  to continue without it.

/home/andrey/devito-vti/examples/equations/acoustic.tex:27: Missing \endgroup inserted.
<inserted text> 
                \endgroup 
l.27 \]
       
I've inserted something that you may have forgotten.
(See the <inserted text> above.)
With luck, this will get me unwedged. But if you
really didn't forget anything, try typing `2' now; then
my insertion and my current dilemma will both disappear.


/home/andrey/devito-vti/examples/equations/acoustic.tex:27: LaTeX Error: \begin{document} ended by \end{equation*}.

See the LaTeX manual or LaTeX Companion for explanation.
Type  H <return>  for immediate help.
 ...                                              
                                                  
l.27 \]
       
Your command was ignored.
Type  I <command> <return>  to replace it with another command,
or  <return>  to continue without it.

/home/andrey/devito-vti/examples/equations/acoustic.tex:27: Missing $ inserted.
<inserted text> 
                $
l.27 \]
       
I've inserted something that you may have forgotten.
(See the <inserted text> above.)
With luck, this will get me unwedged. But if you
really didn't forget anything, try typing `2' now; then
my insertion and my current dilemma will both disappear.

/home/andrey/devito-vti/examples/equations/acoustic.tex:27: Extra \endgroup.
<recently read> \endgroup 
                          
l.27 \]
       
Things are pretty mixed up, but I think the worst is over.



[1

{/usr/local/texlive/2025/texmf-var/fonts/map/pdftex/updmap/pdftex.map}] (./acoustic.aux)
 ***********
LaTeX2e <2025-06-01> patch level 1
L3 programming layer <2025-08-13>
 ***********
 ) 
Here is how much of TeX's memory you used:
 1752 strings out of 467800
 24630 string characters out of 5431888
 430298 words of memory out of 5000000
 30444 multiletter control sequences out of 15000+600000
 628206 words of font info for 45 fonts, out of 8000000 for 9000
 1141 hyphenation exceptions out of 8191
 73i,5n,77p,357b,120s stack positions out of 10000i,1000n,20000p,200000b,200000s
</usr/local/texlive/2025/texmf-dist/fonts/type1/public/amsfonts/cm/cmbx10.pfb></usr/local/texlive/2025/texmf-dist/fonts/type1/public/amsfonts/cm/cmmi10.pfb></usr/local/texlive/2025/texmf-dist/fonts/type1/public/amsfonts/cm/cmmi5.pfb></usr/local/texlive/2025/texmf-dist/fonts/type1/public/amsfonts/cm/cmmi7.pfb></usr/local/texlive/2025/texmf-dist/fonts/type1/public/amsfonts/cm/cmr10.pfb></usr/local/texlive/2025/texmf-dist/fonts/type1/public/amsfonts/cm/cmr5.pfb></usr/local/texlive/2025/texmf-dist/fonts/type1/public/amsfonts/cm/cmr7.pfb></usr/local/texlive/2025/texmf-dist/fonts/type1/public/amsfonts/cm/cmsy10.pfb>
Output written on acoustic.pdf (1 page, 79124 bytes).
PDF statistics:
 48 PDF objects out of 1000 (max. 8388607)
 28 compressed objects within 1 object stream
 0 named destinations out of 1000 (max. 500000)
 1 words of extra memory for PDF output out of 10000 (max. 10000000)

